{"/Users/jessicasu/Desktop/app_parlayisland_frontend/app.js": {"path":"/Users/jessicasu/Desktop/app_parlayisland_frontend/app.js","statementMap":{"0":{"start":{"line":1,"column":14},"end":{"line":1,"column":32}},"1":{"start":{"line":2,"column":11},"end":{"line":2,"column":26}},"2":{"start":{"line":3,"column":10},"end":{"line":3,"column":19}},"3":{"start":{"line":5,"column":11},"end":{"line":5,"column":35}},"4":{"start":{"line":8,"column":0},"end":{"line":8,"column":48}},"5":{"start":{"line":9,"column":0},"end":{"line":9,"column":30}},"6":{"start":{"line":12,"column":0},"end":{"line":12,"column":36}},"7":{"start":{"line":15,"column":25},"end":{"line":15,"column":56}},"8":{"start":{"line":16,"column":0},"end":{"line":16,"column":31}},"9":{"start":{"line":18,"column":24},"end":{"line":18,"column":53}},"10":{"start":{"line":19,"column":0},"end":{"line":19,"column":39}},"11":{"start":{"line":22,"column":13},"end":{"line":24,"column":2}},"12":{"start":{"line":23,"column":4},"end":{"line":23,"column":55}},"13":{"start":{"line":25,"column":0},"end":{"line":25,"column":24}}},"fnMap":{"0":{"name":"(anonymous_0)","decl":{"start":{"line":22,"column":30},"end":{"line":22,"column":31}},"loc":{"start":{"line":22,"column":42},"end":{"line":24,"column":1}},"line":22}},"branchMap":{"0":{"loc":{"start":{"line":5,"column":11},"end":{"line":5,"column":35}},"type":"binary-expr","locations":[{"start":{"line":5,"column":11},"end":{"line":5,"column":27}},{"start":{"line":5,"column":31},"end":{"line":5,"column":35}}],"line":5}},"s":{"0":1,"1":1,"2":1,"3":1,"4":1,"5":1,"6":1,"7":1,"8":1,"9":1,"10":1,"11":1,"12":1,"13":1},"f":{"0":1},"b":{"0":[1,1]},"_coverageSchema":"1a1c01bbd47fc00a2c39e90264f33305004495a9","hash":"3c7106403f7dd7384db73eacd7059a6a2943aa6e","contentHash":"15aac6a35e0914503eedd3481ee2626852848ead709994e490b59ac3da46bc75"}
,"/Users/jessicasu/Desktop/app_parlayisland_frontend/controllers/choose-unit.js": {"path":"/Users/jessicasu/Desktop/app_parlayisland_frontend/controllers/choose-unit.js","statementMap":{"0":{"start":{"line":1,"column":14},"end":{"line":1,"column":30}},"1":{"start":{"line":2,"column":18},"end":{"line":2,"column":45}},"2":{"start":{"line":4,"column":23},"end":{"line":4,"column":75}},"3":{"start":{"line":5,"column":13},"end":{"line":8,"column":2}},"4":{"start":{"line":11,"column":4},"end":{"line":16,"column":5}},"5":{"start":{"line":12,"column":25},"end":{"line":12,"column":55}},"6":{"start":{"line":13,"column":8},"end":{"line":13,"column":35}},"7":{"start":{"line":15,"column":8},"end":{"line":15,"column":29}},"8":{"start":{"line":19,"column":0},"end":{"line":21,"column":2}}},"fnMap":{"0":{"name":"getUnits","decl":{"start":{"line":10,"column":15},"end":{"line":10,"column":23}},"loc":{"start":{"line":10,"column":26},"end":{"line":17,"column":1}},"line":10}},"branchMap":{},"s":{"0":1,"1":1,"2":1,"3":1,"4":8,"5":8,"6":8,"7":0,"8":1},"f":{"0":8},"b":{},"_coverageSchema":"1a1c01bbd47fc00a2c39e90264f33305004495a9","hash":"e1d25fea2e93acc221e5b9c0e70d4509d8ecf564","contentHash":"0eb859431e27fabb52f8032385a44201c9e27bf26d79501da9932894ce667139"}
,"/Users/jessicasu/Desktop/app_parlayisland_frontend/cypress/plugins/index.js": {"path":"/Users/jessicasu/Desktop/app_parlayisland_frontend/cypress/plugins/index.js","statementMap":{"0":{"start":{"line":18,"column":0},"end":{"line":22,"column":1}},"1":{"start":{"line":19,"column":2},"end":{"line":19,"column":52}},"2":{"start":{"line":20,"column":2},"end":{"line":20,"column":72}},"3":{"start":{"line":21,"column":2},"end":{"line":21,"column":15}}},"fnMap":{"0":{"name":"(anonymous_0)","decl":{"start":{"line":18,"column":17},"end":{"line":18,"column":18}},"loc":{"start":{"line":18,"column":33},"end":{"line":22,"column":1}},"line":18}},"branchMap":{},"s":{"0":1,"1":1,"2":1,"3":1},"f":{"0":1},"b":{},"_coverageSchema":"1a1c01bbd47fc00a2c39e90264f33305004495a9","hash":"746dad3dc89223c2f1c07e59d2c0db6e16e4f907","contentHash":"79d79f18629c2693dc1f84f94d4d6bca57d1305f717ff856d3332f9757772e78"}
,"/Users/jessicasu/Desktop/app_parlayisland_frontend/routes/choose-unit.js": {"path":"/Users/jessicasu/Desktop/app_parlayisland_frontend/routes/choose-unit.js","statementMap":{"0":{"start":{"line":1,"column":16},"end":{"line":1,"column":34}},"1":{"start":{"line":2,"column":14},"end":{"line":2,"column":30}},"2":{"start":{"line":4,"column":29},"end":{"line":4,"column":66}},"3":{"start":{"line":6,"column":0},"end":{"line":11,"column":3}},"4":{"start":{"line":7,"column":16},"end":{"line":7,"column":53}},"5":{"start":{"line":8,"column":4},"end":{"line":10,"column":7}},"6":{"start":{"line":13,"column":0},"end":{"line":13,"column":23}}},"fnMap":{"0":{"name":"(anonymous_0)","decl":{"start":{"line":6,"column":15},"end":{"line":6,"column":16}},"loc":{"start":{"line":6,"column":41},"end":{"line":11,"column":1}},"line":6}},"branchMap":{},"s":{"0":1,"1":1,"2":1,"3":1,"4":8,"5":8,"6":1},"f":{"0":8},"b":{},"_coverageSchema":"1a1c01bbd47fc00a2c39e90264f33305004495a9","hash":"053f22eb2b24ea3ad5fc22c50100dc1fbf7aa81c","contentHash":"c3e5263d9a9fe4e32a3127a49d620fc90ed4515817ac63249c14c232e22b738a"}
,"/Users/jessicasu/Desktop/app_parlayisland_frontend/routes/classroom.js": {"path":"/Users/jessicasu/Desktop/app_parlayisland_frontend/routes/classroom.js","statementMap":{"0":{"start":{"line":1,"column":16},"end":{"line":1,"column":34}},"1":{"start":{"line":2,"column":24},"end":{"line":2,"column":40}},"2":{"start":{"line":4,"column":0},"end":{"line":6,"column":3}},"3":{"start":{"line":5,"column":4},"end":{"line":5,"column":34}},"4":{"start":{"line":8,"column":0},"end":{"line":8,"column":33}}},"fnMap":{"0":{"name":"(anonymous_0)","decl":{"start":{"line":4,"column":25},"end":{"line":4,"column":26}},"loc":{"start":{"line":4,"column":45},"end":{"line":6,"column":1}},"line":4}},"branchMap":{},"s":{"0":1,"1":1,"2":1,"3":2,"4":1},"f":{"0":2},"b":{},"_coverageSchema":"1a1c01bbd47fc00a2c39e90264f33305004495a9","hash":"9663f24ce9b3309d252ac2e69d0d9596760f8e01","contentHash":"2644f639532b9370254c76ea348c0074e2971b1ee783cac2785c012db5ae67d8"}
}
