TN:
SF:app.js
FN:22,(anonymous_0)
FNF:1
FNH:1
FNDA:1,(anonymous_0)
DA:1,1
DA:2,1
DA:3,1
DA:5,1
DA:8,1
DA:9,1
DA:12,1
DA:15,1
DA:16,1
DA:18,1
DA:19,1
DA:22,1
DA:23,1
DA:25,1
LF:14
LH:14
BRDA:5,0,0,1
BRDA:5,0,1,1
BRF:2
BRH:2
end_of_record
TN:
SF:controllers/choose-unit.js
FN:10,getUnits
FNF:1
FNH:1
FNDA:8,getUnits
DA:1,1
DA:2,1
DA:4,1
DA:5,1
DA:11,8
DA:12,8
DA:13,8
DA:15,0
DA:19,1
LF:9
LH:8
BRF:0
BRH:0
end_of_record
TN:
SF:cypress/plugins/index.js
FN:18,(anonymous_0)
FNF:1
FNH:1
FNDA:1,(anonymous_0)
DA:18,1
DA:19,1
DA:20,1
DA:21,1
LF:4
LH:4
BRF:0
BRH:0
end_of_record
TN:
SF:routes/choose-unit.js
FN:6,(anonymous_0)
FNF:1
FNH:1
FNDA:8,(anonymous_0)
DA:1,1
DA:2,1
DA:4,1
DA:6,1
DA:7,8
DA:8,8
DA:13,1
LF:7
LH:7
BRF:0
BRH:0
end_of_record
TN:
SF:routes/classroom.js
FN:4,(anonymous_0)
FNF:1
FNH:1
FNDA:2,(anonymous_0)
DA:1,1
DA:2,1
DA:4,1
DA:5,2
DA:8,1
LF:5
LH:5
BRF:0
BRH:0
end_of_record
